Base path: 'C:/Program Files/Unity/Hub/Editor/2019.3.5f1/Editor/Data', plugins path 'C:/Program Files/Unity/Hub/Editor/2019.3.5f1/Editor/Data/PlaybackEngines'
Cmd: initializeCompiler
Cmd: preprocess
  insize=811 outsize=209 ok=1
Cmd: preprocess
  insize=811 outsize=209 ok=1
Cmd: preprocess
  insize=811 outsize=209 ok=1
Cmd: preprocess
  insize=811 outsize=209 ok=1
Cmd: preprocess
  insize=811 outsize=209 ok=1
Cmd: preprocess
  insize=811 outsize=209 ok=1
Cmd: preprocess
  insize=811 outsize=209 ok=1
Cmd: preprocess
  insize=811 outsize=209 ok=1
Cmd: preprocess
  insize=811 outsize=209 ok=1
Cmd: preprocess
  insize=811 outsize=209 ok=1
Cmd: preprocess
  insize=811 outsize=209 ok=1
Cmd: preprocess
  insize=811 outsize=209 ok=1
Cmd: preprocess
  insize=811 outsize=209 ok=1
Cmd: preprocess
  insize=811 outsize=209 ok=1
Cmd: preprocess
  insize=811 outsize=209 ok=1
Cmd: preprocess
  insize=811 outsize=209 ok=1
Cmd: preprocess
  insize=811 outsize=209 ok=1
Cmd: preprocess
  insize=811 outsize=209 ok=1
Cmd: preprocess
  insize=811 outsize=209 ok=1
Cmd: preprocess
  insize=811 outsize=209 ok=1
Cmd: preprocess
  insize=811 outsize=209 ok=1
Cmd: preprocess
  insize=811 outsize=209 ok=1
Cmd: preprocess
  insize=811 outsize=209 ok=1
Cmd: preprocess
  insize=811 outsize=209 ok=1
Cmd: preprocess
  insize=811 outsize=209 ok=1
Cmd: preprocess
  insize=811 outsize=209 ok=1
Cmd: preprocess
  insize=811 outsize=209 ok=1
Cmd: preprocess
  insize=811 outsize=209 ok=1
Cmd: preprocess
  insize=811 outsize=209 ok=1
Cmd: preprocess
  insize=811 outsize=209 ok=1
Cmd: preprocess
  insize=811 outsize=209 ok=1
Cmd: preprocess
  insize=811 outsize=209 ok=1
Cmd: preprocess
  insize=811 outsize=209 ok=1
Cmd: preprocess
  insize=811 outsize=209 ok=1
Cmd: preprocess
  insize=811 outsize=209 ok=1
Cmd: preprocess
  insize=811 outsize=209 ok=1
Cmd: preprocess
  insize=811 outsize=209 ok=1
Cmd: preprocess
  insize=811 outsize=209 ok=1
Cmd: preprocess
  insize=811 outsize=209 ok=1
Cmd: preprocess
  insize=811 outsize=209 ok=1
Cmd: preprocess
  insize=811 outsize=209 ok=1
Cmd: preprocess
  insize=811 outsize=209 ok=1
Cmd: preprocess
  insize=811 outsize=209 ok=1
Cmd: preprocess
  insize=811 outsize=209 ok=1
Cmd: preprocess
  insize=811 outsize=209 ok=1
Cmd: preprocess
  insize=811 outsize=209 ok=1
Cmd: preprocess
  insize=811 outsize=209 ok=1
Cmd: preprocess
  insize=811 outsize=209 ok=1
Cmd: preprocess
  insize=811 outsize=209 ok=1
Cmd: preprocess
  insize=811 outsize=209 ok=1
Cmd: preprocess
  insize=811 outsize=209 ok=1
Cmd: preprocess
  insize=811 outsize=209 ok=1
Cmd: preprocess
  insize=811 outsize=209 ok=1
Cmd: preprocess
  insize=811 outsize=209 ok=1
Cmd: preprocess
  insize=811 outsize=209 ok=1
Cmd: preprocess
  insize=811 outsize=209 ok=1
Cmd: preprocess
  insize=811 outsize=209 ok=1
Cmd: preprocess
  insize=811 outsize=209 ok=1
Cmd: preprocess
  insize=811 outsize=209 ok=1
Cmd: preprocess
  insize=811 outsize=209 ok=1
Cmd: preprocess
  insize=811 outsize=209 ok=1
Cmd: preprocess
  insize=811 outsize=209 ok=1
Cmd: preprocess
  insize=811 outsize=209 ok=1
Cmd: preprocess
  insize=811 outsize=209 ok=1
Cmd: preprocess
  insize=811 outsize=209 ok=1
Cmd: preprocess
  insize=811 outsize=209 ok=1
Cmd: preprocess
  insize=811 outsize=209 ok=1
Cmd: preprocess
  insize=811 outsize=209 ok=1
Cmd: preprocess
  insize=811 outsize=209 ok=1
Cmd: preprocess
  insize=811 outsize=209 ok=1
Cmd: preprocess
  insize=811 outsize=209 ok=1
Cmd: preprocess
  insize=811 outsize=209 ok=1
Cmd: preprocess
  insize=811 outsize=209 ok=1
Cmd: preprocess
  insize=811 outsize=209 ok=1
Cmd: preprocess
  insize=811 outsize=209 ok=1
Cmd: preprocess
  insize=811 outsize=209 ok=1
Cmd: preprocess
  insize=811 outsize=209 ok=1
Cmd: preprocess
  insize=811 outsize=209 ok=1
Cmd: preprocess
  insize=811 outsize=209 ok=1
Cmd: preprocess
  insize=811 outsize=209 ok=1
Cmd: preprocess
  insize=811 outsize=209 ok=1
Cmd: preprocess
  insize=811 outsize=209 ok=1
Cmd: preprocess
  insize=811 outsize=209 ok=1
Cmd: preprocess
  insize=811 outsize=209 ok=1
Cmd: preprocess
  insize=811 outsize=209 ok=1
Cmd: preprocess
  insize=811 outsize=209 ok=1
Cmd: preprocess
  insize=811 outsize=209 ok=1
Cmd: preprocess
  insize=811 outsize=209 ok=1
Cmd: preprocess
  insize=811 outsize=209 ok=1
Cmd: preprocess
  insize=811 outsize=209 ok=1
Cmd: preprocess
  insize=811 outsize=209 ok=1
Cmd: preprocess
  insize=811 outsize=209 ok=1
Cmd: preprocess
  insize=811 outsize=209 ok=1
Cmd: preprocess
  insize=811 outsize=209 ok=1
Cmd: preprocess
  insize=811 outsize=209 ok=1
Cmd: preprocess
  insize=811 outsize=209 ok=1
Cmd: preprocess
  insize=811 outsize=209 ok=1
Cmd: preprocess
  insize=811 outsize=209 ok=1
Cmd: preprocess
  insize=811 outsize=209 ok=1
Cmd: preprocess
  insize=811 outsize=209 ok=1
Cmd: preprocess
  insize=811 outsize=209 ok=1
Cmd: preprocess
  insize=811 outsize=209 ok=1
Cmd: preprocess
  insize=811 outsize=209 ok=1
Cmd: preprocess
  insize=811 outsize=209 ok=1
Cmd: preprocess
  insize=811 outsize=209 ok=1
Cmd: preprocess
  insize=811 outsize=209 ok=1
Cmd: preprocess
  insize=811 outsize=209 ok=1
Cmd: preprocess
  insize=5617 outsize=1344 ok=1
Cmd: preprocess
  insize=4750 outsize=1338 ok=1
Cmd: preprocess
  insize=7329 outsize=1340 ok=1
Cmd: preprocess
  insize=7328 outsize=1352 ok=1
Cmd: preprocess
  insize=5617 outsize=1344 ok=1
Cmd: preprocess
  insize=4750 outsize=1338 ok=1
Cmd: preprocess
  insize=16489 outsize=1345 ok=1
Cmd: preprocess
  insize=16160 outsize=1341 ok=1
Cmd: preprocess
  insize=22881 outsize=1341 ok=1
Cmd: preprocess
  insize=10221 outsize=1345 ok=1
Cmd: preprocess
  insize=18736 outsize=1343 ok=1
Cmd: preprocess
  insize=7557 outsize=1351 ok=1
Cmd: preprocess
  insize=18132 outsize=1342 ok=1
Cmd: preprocess
  insize=96671 outsize=2763 ok=1
Cmd: preprocess
  insize=22532 outsize=1341 ok=1
Cmd: preprocess
  insize=5333 outsize=1344 ok=1
Cmd: preprocess
  insize=8344 outsize=1351 ok=1
Cmd: preprocess
  insize=16271 outsize=1345 ok=1
Cmd: preprocess
  insize=16160 outsize=1341 ok=1
Cmd: preprocess
  insize=4750 outsize=1337 ok=1
Cmd: preprocess
  insize=16489 outsize=1345 ok=1
Cmd: preprocess
  insize=4750 outsize=1337 ok=1
Cmd: preprocess
  insize=5735 outsize=1345 ok=1
Cmd: preprocess
  insize=15843 outsize=1342 ok=1
Cmd: preprocess
  insize=9216 outsize=1345 ok=1
Cmd: preprocess
  insize=11915 outsize=1345 ok=1
Cmd: preprocess
  insize=7557 outsize=1349 ok=1
Cmd: preprocess
  insize=10773 outsize=1340 ok=1
Cmd: preprocess
  insize=10773 outsize=1340 ok=1
Cmd: preprocess
  insize=11304 outsize=1344 ok=1
Cmd: preprocess
  insize=7557 outsize=1351 ok=1
Cmd: preprocess
  insize=16955 outsize=1345 ok=1
Cmd: preprocess
  insize=12884 outsize=1352 ok=1
Cmd: preprocess
  insize=12546 outsize=1352 ok=1
Cmd: preprocess
  insize=5209 outsize=1344 ok=1
Cmd: preprocess
  insize=8419 outsize=1342 ok=1
Cmd: preprocess
  insize=11984 outsize=1351 ok=1
Cmd: preprocess
  insize=6398 outsize=1344 ok=1
Cmd: preprocess
  insize=5552 outsize=1345 ok=1
Cmd: preprocess
  insize=8906 outsize=1351 ok=1
Cmd: preprocess
  insize=6215 outsize=1344 ok=1
Cmd: preprocess
  insize=13633 outsize=1345 ok=1
Cmd: preprocess
  insize=17120 outsize=1341 ok=1
Cmd: preprocess
  insize=16955 outsize=1345 ok=1
Cmd: preprocess
  insize=17919 outsize=1342 ok=1
Cmd: preprocess
  insize=8527 outsize=1350 ok=1
Cmd: preprocess
  insize=13446 outsize=1352 ok=1
Cmd: preprocess
  insize=4750 outsize=1338 ok=1
Cmd: preprocess
  insize=5653 outsize=1344 ok=1
Cmd: preprocess
  insize=5653 outsize=1344 ok=1
Cmd: preprocess
  insize=7965 outsize=1351 ok=1
Cmd: preprocess
  insize=9057 outsize=1345 ok=1
Cmd: preprocess
  insize=4750 outsize=1337 ok=1
Cmd: preprocess
  insize=4750 outsize=1338 ok=1
Cmd: preprocess
  insize=6015 outsize=1343 ok=1
Cmd: preprocess
  insize=5590 outsize=1343 ok=1
Cmd: preprocess
  insize=4750 outsize=1338 ok=1
Cmd: preprocess
  insize=6011 outsize=1342 ok=1
Cmd: preprocess
  insize=5590 outsize=1343 ok=1
Cmd: preprocess
  insize=4750 outsize=1338 ok=1
Cmd: preprocess
  insize=8791 outsize=1351 ok=1
Cmd: preprocess
  insize=22219 outsize=1345 ok=1
Cmd: preprocess
  insize=5590 outsize=1343 ok=1
Cmd: preprocess
  insize=6015 outsize=1343 ok=1
Cmd: preprocess
  insize=4750 outsize=1338 ok=1
Cmd: compileSnippet
  api=4 type=0 insize=14750 outsize=1326 kw=UNITY_PASS_SHADOWCASTER pd=UNITY_ENABLE_REFLECTION_BUFFERS UNITY_USE_DITHER_MASK_FOR_ALPHABLENDED_SHADOWS UNITY_PBS_USE_BRDF1 UNITY_SPECCUBE_BOX_PROJECTION UNITY_SPECCUBE_BLENDING UNITY_ENABLE_DETAIL_NORMALMAP SHADER_API_DESKTOP UNITY_LIGHT_PROBE_PROXY_VOLUME UNITY_LIGHTMAP_RGBM_ENCODING ok=1
Cmd: compileSnippet
  error: 1 plat 4 at (421): floating point division by zero\nCompiling Fragment program with UNITY_PASS_SHADOWCASTER
Platform defines: UNITY_ENABLE_REFLECTION_BUFFERS UNITY_USE_DITHER_MASK_FOR_ALPHABLENDED_SHADOWS UNITY_PBS_USE_BRDF1 UNITY_SPECCUBE_BOX_PROJECTION UNITY_SPECCUBE_BLENDING UNITY_ENABLE_DETAIL_NORMALMAP SHADER_API_DESKTOP UNITY_LIGHT_PROBE_PROXY_VOLUME UNITY_LIGHTMAP_RGBM_ENCODING
  error: 1 plat 4 at (431): floating point division by zero\nCompiling Fragment program with UNITY_PASS_SHADOWCASTER
Platform defines: UNITY_ENABLE_REFLECTION_BUFFERS UNITY_USE_DITHER_MASK_FOR_ALPHABLENDED_SHADOWS UNITY_PBS_USE_BRDF1 UNITY_SPECCUBE_BOX_PROJECTION UNITY_SPECCUBE_BLENDING UNITY_ENABLE_DETAIL_NORMALMAP SHADER_API_DESKTOP UNITY_LIGHT_PROBE_PROXY_VOLUME UNITY_LIGHTMAP_RGBM_ENCODING
  api=4 type=1 insize=14750 outsize=302 kw=UNITY_PASS_SHADOWCASTER pd=UNITY_ENABLE_REFLECTION_BUFFERS UNITY_USE_DITHER_MASK_FOR_ALPHABLENDED_SHADOWS UNITY_PBS_USE_BRDF1 UNITY_SPECCUBE_BOX_PROJECTION UNITY_SPECCUBE_BLENDING UNITY_ENABLE_DETAIL_NORMALMAP SHADER_API_DESKTOP UNITY_LIGHT_PROBE_PROXY_VOLUME UNITY_LIGHTMAP_RGBM_ENCODING ok=1
Cmd: compileSnippet
  api=4 type=0 insize=15905 outsize=1198 kw= pd=UNITY_ENABLE_REFLECTION_BUFFERS UNITY_USE_DITHER_MASK_FOR_ALPHABLENDED_SHADOWS UNITY_PBS_USE_BRDF1 UNITY_SPECCUBE_BOX_PROJECTION UNITY_SPECCUBE_BLENDING UNITY_ENABLE_DETAIL_NORMALMAP SHADER_API_DESKTOP UNITY_LIGHT_PROBE_PROXY_VOLUME UNITY_LIGHTMAP_RGBM_ENCODING ok=1
Cmd: compileSnippet
  error: 1 plat 4 at (104): floating point division by zero\nCompiling Fragment program
Platform defines: UNITY_ENABLE_REFLECTION_BUFFERS UNITY_USE_DITHER_MASK_FOR_ALPHABLENDED_SHADOWS UNITY_PBS_USE_BRDF1 UNITY_SPECCUBE_BOX_PROJECTION UNITY_SPECCUBE_BLENDING UNITY_ENABLE_DETAIL_NORMALMAP SHADER_API_DESKTOP UNITY_LIGHT_PROBE_PROXY_VOLUME UNITY_LIGHTMAP_RGBM_ENCODING
  error: 1 plat 4 at (114): floating point division by zero\nCompiling Fragment program
Platform defines: UNITY_ENABLE_REFLECTION_BUFFERS UNITY_USE_DITHER_MASK_FOR_ALPHABLENDED_SHADOWS UNITY_PBS_USE_BRDF1 UNITY_SPECCUBE_BOX_PROJECTION UNITY_SPECCUBE_BLENDING UNITY_ENABLE_DETAIL_NORMALMAP SHADER_API_DESKTOP UNITY_LIGHT_PROBE_PROXY_VOLUME UNITY_LIGHTMAP_RGBM_ENCODING
  api=4 type=1 insize=15905 outsize=1334 kw= pd=UNITY_ENABLE_REFLECTION_BUFFERS UNITY_USE_DITHER_MASK_FOR_ALPHABLENDED_SHADOWS UNITY_PBS_USE_BRDF1 UNITY_SPECCUBE_BOX_PROJECTION UNITY_SPECCUBE_BLENDING UNITY_ENABLE_DETAIL_NORMALMAP SHADER_API_DESKTOP UNITY_LIGHT_PROBE_PROXY_VOLUME UNITY_LIGHTMAP_RGBM_ENCODING ok=1
Cmd: preprocess
  insize=811 outsize=209 ok=1
Cmd: preprocess
  insize=811 outsize=209 ok=1
Cmd: preprocess
  insize=811 outsize=209 ok=1
Cmd: preprocess
  insize=811 outsize=209 ok=1
Cmd: preprocess
  insize=811 outsize=209 ok=1
Cmd: preprocess
  insize=811 outsize=209 ok=1
Cmd: preprocess
  insize=811 outsize=209 ok=1
Cmd: preprocess
  insize=811 outsize=209 ok=1
Cmd: preprocess
  insize=811 outsize=209 ok=1
Cmd: preprocess
  insize=811 outsize=209 ok=1
Cmd: preprocess
  insize=811 outsize=209 ok=1
Cmd: preprocess
  insize=811 outsize=209 ok=1
Cmd: preprocess
  insize=811 outsize=209 ok=1
Cmd: preprocess
  insize=811 outsize=209 ok=1
Cmd: preprocess
  insize=811 outsize=209 ok=1
Cmd: preprocess
  insize=811 outsize=209 ok=1
Cmd: preprocess
  insize=811 outsize=209 ok=1
Cmd: preprocess
  insize=4756 outsize=391 ok=1
Cmd: preprocess
  insize=51941 outsize=1808 ok=1
Cmd: preprocess
  insize=4322 outsize=401 ok=1
Cmd: preprocess
  insize=2967 outsize=278 ok=1
Cmd: preprocess
  insize=5312 outsize=394 ok=1
Cmd: preprocess
  insize=3450 outsize=285 ok=1
Cmd: preprocess
  insize=2949 outsize=270 ok=1
Cmd: preprocess
  insize=5756 outsize=284 ok=1
Cmd: preprocess
  insize=7555 outsize=392 ok=1
Cmd: preprocess
  insize=7782 outsize=395 ok=1
Cmd: preprocess
  insize=8070 outsize=394 ok=1
Cmd: preprocess
  insize=4059 outsize=283 ok=1
Cmd: preprocess
  insize=4273 outsize=278 ok=1
Cmd: preprocess
  insize=9933 outsize=395 ok=1
Cmd: compileSnippet
  error: 1 plat 4 at (87): 'TransformObjectToWorld': implicit truncation of vector type\nCompiling Vertex program
Platform defines: UNITY_ENABLE_REFLECTION_BUFFERS UNITY_USE_DITHER_MASK_FOR_ALPHABLENDED_SHADOWS UNITY_PBS_USE_BRDF1 UNITY_SPECCUBE_BOX_PROJECTION UNITY_SPECCUBE_BLENDING UNITY_ENABLE_DETAIL_NORMALMAP SHADER_API_DESKTOP UNITY_LIGHT_PROBE_PROXY_VOLUME UNITY_LIGHTMAP_RGBM_ENCODING
  api=4 type=0 insize=3498 outsize=642 kw= pd=UNITY_ENABLE_REFLECTION_BUFFERS UNITY_USE_DITHER_MASK_FOR_ALPHABLENDED_SHADOWS UNITY_PBS_USE_BRDF1 UNITY_SPECCUBE_BOX_PROJECTION UNITY_SPECCUBE_BLENDING UNITY_ENABLE_DETAIL_NORMALMAP SHADER_API_DESKTOP UNITY_LIGHT_PROBE_PROXY_VOLUME UNITY_LIGHTMAP_RGBM_ENCODING ok=1
Cmd: compileSnippet
  error: 1 plat 4 at (153): 'TransformObjectToWorld': implicit truncation of vector type\nCompiling Vertex program
Platform defines: UNITY_ENABLE_REFLECTION_BUFFERS UNITY_USE_DITHER_MASK_FOR_ALPHABLENDED_SHADOWS UNITY_PBS_USE_BRDF1 UNITY_SPECCUBE_BOX_PROJECTION UNITY_SPECCUBE_BLENDING UNITY_ENABLE_DETAIL_NORMALMAP SHADER_API_DESKTOP UNITY_LIGHT_PROBE_PROXY_VOLUME UNITY_LIGHTMAP_RGBM_ENCODING
  api=4 type=0 insize=7499 outsize=642 kw= pd=UNITY_ENABLE_REFLECTION_BUFFERS UNITY_USE_DITHER_MASK_FOR_ALPHABLENDED_SHADOWS UNITY_PBS_USE_BRDF1 UNITY_SPECCUBE_BOX_PROJECTION UNITY_SPECCUBE_BLENDING UNITY_ENABLE_DETAIL_NORMALMAP SHADER_API_DESKTOP UNITY_LIGHT_PROBE_PROXY_VOLUME UNITY_LIGHTMAP_RGBM_ENCODING ok=1
Cmd: compileSnippet
  error: 1 plat 4 at (153): 'TransformObjectToWorld': implicit truncation of vector type\nCompiling Fragment program
Platform defines: UNITY_ENABLE_REFLECTION_BUFFERS UNITY_USE_DITHER_MASK_FOR_ALPHABLENDED_SHADOWS UNITY_PBS_USE_BRDF1 UNITY_SPECCUBE_BOX_PROJECTION UNITY_SPECCUBE_BLENDING UNITY_ENABLE_DETAIL_NORMALMAP SHADER_API_DESKTOP UNITY_LIGHT_PROBE_PROXY_VOLUME UNITY_LIGHTMAP_RGBM_ENCODING
  api=4 type=1 insize=7499 outsize=5938 kw= pd=UNITY_ENABLE_REFLECTION_BUFFERS UNITY_USE_DITHER_MASK_FOR_ALPHABLENDED_SHADOWS UNITY_PBS_USE_BRDF1 UNITY_SPECCUBE_BOX_PROJECTION UNITY_SPECCUBE_BLENDING UNITY_ENABLE_DETAIL_NORMALMAP SHADER_API_DESKTOP UNITY_LIGHT_PROBE_PROXY_VOLUME UNITY_LIGHTMAP_RGBM_ENCODING ok=1
Cmd: compileSnippet
  error: 1 plat 4 at (160): 'TransformObjectToWorld': implicit truncation of vector type\nCompiling Fragment program
Platform defines: UNITY_ENABLE_REFLECTION_BUFFERS UNITY_USE_DITHER_MASK_FOR_ALPHABLENDED_SHADOWS UNITY_PBS_USE_BRDF1 UNITY_SPECCUBE_BOX_PROJECTION UNITY_SPECCUBE_BLENDING UNITY_ENABLE_DETAIL_NORMALMAP SHADER_API_DESKTOP UNITY_LIGHT_PROBE_PROXY_VOLUME UNITY_LIGHTMAP_RGBM_ENCODING
  api=4 type=1 insize=7723 outsize=5982 kw= pd=UNITY_ENABLE_REFLECTION_BUFFERS UNITY_USE_DITHER_MASK_FOR_ALPHABLENDED_SHADOWS UNITY_PBS_USE_BRDF1 UNITY_SPECCUBE_BOX_PROJECTION UNITY_SPECCUBE_BLENDING UNITY_ENABLE_DETAIL_NORMALMAP SHADER_API_DESKTOP UNITY_LIGHT_PROBE_PROXY_VOLUME UNITY_LIGHTMAP_RGBM_ENCODING ok=1
Cmd: compileSnippet
  error: 1 plat 4 at (197): 'TransformObjectToWorld': implicit truncation of vector type\nCompiling Fragment program
Platform defines: UNITY_ENABLE_REFLECTION_BUFFERS UNITY_USE_DITHER_MASK_FOR_ALPHABLENDED_SHADOWS UNITY_PBS_USE_BRDF1 UNITY_SPECCUBE_BOX_PROJECTION UNITY_SPECCUBE_BLENDING UNITY_ENABLE_DETAIL_NORMALMAP SHADER_API_DESKTOP UNITY_LIGHT_PROBE_PROXY_VOLUME UNITY_LIGHTMAP_RGBM_ENCODING
  api=4 type=1 insize=9874 outsize=6430 kw= pd=UNITY_ENABLE_REFLECTION_BUFFERS UNITY_USE_DITHER_MASK_FOR_ALPHABLENDED_SHADOWS UNITY_PBS_USE_BRDF1 UNITY_SPECCUBE_BOX_PROJECTION UNITY_SPECCUBE_BLENDING UNITY_ENABLE_DETAIL_NORMALMAP SHADER_API_DESKTOP UNITY_LIGHT_PROBE_PROXY_VOLUME UNITY_LIGHTMAP_RGBM_ENCODING ok=1
Cmd: preprocess
  insize=811 outsize=209 ok=1
Cmd: preprocess
  insize=811 outsize=209 ok=1
Cmd: preprocess
  insize=811 outsize=209 ok=1
Cmd: preprocess
  insize=811 outsize=209 ok=1
Cmd: preprocess
  insize=811 outsize=209 ok=1
Cmd: preprocess
  insize=811 outsize=209 ok=1
Cmd: preprocess
  insize=811 outsize=209 ok=1
Cmd: preprocess
  insize=811 outsize=209 ok=1
Cmd: preprocess
  insize=811 outsize=209 ok=1
Cmd: preprocess
  insize=811 outsize=209 ok=1
Cmd: preprocess
  insize=811 outsize=209 ok=1
Cmd: preprocess
  insize=811 outsize=209 ok=1
Cmd: preprocess
  insize=811 outsize=209 ok=1
Cmd: preprocess
  insize=811 outsize=209 ok=1
Cmd: preprocess
  insize=811 outsize=209 ok=1
Cmd: preprocess
  insize=811 outsize=209 ok=1
Cmd: preprocess
  insize=811 outsize=209 ok=1
Cmd: preprocess
  insize=4756 outsize=391 ok=1
Cmd: preprocess
  insize=51941 outsize=1808 ok=1
Cmd: preprocess
  insize=4322 outsize=401 ok=1
Cmd: preprocess
  insize=2967 outsize=278 ok=1
Cmd: preprocess
  insize=5312 outsize=394 ok=1
Cmd: preprocess
  insize=3450 outsize=285 ok=1
Cmd: preprocess
  insize=2949 outsize=270 ok=1
Cmd: preprocess
  insize=5756 outsize=284 ok=1
Cmd: preprocess
  insize=7555 outsize=392 ok=1
Cmd: preprocess
  insize=7782 outsize=395 ok=1
Cmd: preprocess
  insize=8070 outsize=394 ok=1
Cmd: preprocess
  insize=4059 outsize=283 ok=1
Cmd: preprocess
  insize=4273 outsize=278 ok=1
Cmd: preprocess
  insize=9933 outsize=395 ok=1

Quitting shader compiler process
