Base path: 'C:/Program Files/Unity/Hub/Editor/2019.3.5f1/Editor/Data', plugins path 'C:/Program Files/Unity/Hub/Editor/2019.3.5f1/Editor/Data/PlaybackEngines'
Cmd: initializeCompiler
Cmd: preprocess
  insize=811 outsize=209 ok=1
Cmd: preprocess
  insize=811 outsize=209 ok=1
Cmd: preprocess
  insize=811 outsize=209 ok=1
Cmd: preprocess
  insize=811 outsize=209 ok=1
Cmd: preprocess
  insize=811 outsize=209 ok=1
Cmd: preprocess
  insize=811 outsize=209 ok=1
Cmd: preprocess
  insize=811 outsize=209 ok=1
Cmd: preprocess
  insize=811 outsize=209 ok=1
Cmd: preprocess
  insize=811 outsize=209 ok=1
Cmd: preprocess
  insize=811 outsize=209 ok=1
Cmd: preprocess
  insize=811 outsize=209 ok=1
Cmd: preprocess
  insize=811 outsize=209 ok=1
Cmd: preprocess
  insize=811 outsize=209 ok=1
Cmd: preprocess
  insize=811 outsize=209 ok=1
Cmd: preprocess
  insize=811 outsize=209 ok=1
Cmd: preprocess
  insize=811 outsize=209 ok=1
Cmd: preprocess
  insize=811 outsize=209 ok=1
Cmd: preprocess
  insize=811 outsize=209 ok=1
Cmd: preprocess
  insize=811 outsize=209 ok=1
Cmd: preprocess
  insize=811 outsize=209 ok=1
Cmd: preprocess
  insize=811 outsize=209 ok=1
Cmd: preprocess
  insize=811 outsize=209 ok=1
Cmd: preprocess
  insize=811 outsize=209 ok=1
Cmd: preprocess
  insize=811 outsize=209 ok=1
Cmd: preprocess
  insize=811 outsize=209 ok=1
Cmd: preprocess
  insize=811 outsize=209 ok=1
Cmd: preprocess
  insize=811 outsize=209 ok=1
Cmd: preprocess
  insize=811 outsize=209 ok=1
Cmd: preprocess
  insize=811 outsize=209 ok=1
Cmd: preprocess
  insize=811 outsize=209 ok=1
Cmd: preprocess
  insize=811 outsize=209 ok=1
Cmd: preprocess
  insize=811 outsize=209 ok=1
Cmd: preprocess
  insize=811 outsize=209 ok=1
Cmd: preprocess
  insize=811 outsize=209 ok=1
Cmd: preprocess
  insize=811 outsize=209 ok=1
Cmd: preprocess
  insize=811 outsize=209 ok=1
Cmd: preprocess
  insize=811 outsize=209 ok=1
Cmd: preprocess
  insize=811 outsize=209 ok=1
Cmd: preprocess
  insize=811 outsize=209 ok=1
Cmd: preprocess
  insize=811 outsize=209 ok=1
Cmd: preprocess
  insize=811 outsize=209 ok=1
Cmd: preprocess
  insize=811 outsize=209 ok=1
Cmd: preprocess
  insize=811 outsize=209 ok=1
Cmd: preprocess
  insize=811 outsize=209 ok=1
Cmd: preprocess
  insize=811 outsize=209 ok=1
Cmd: preprocess
  insize=811 outsize=209 ok=1
Cmd: preprocess
  insize=811 outsize=209 ok=1
Cmd: preprocess
  insize=811 outsize=209 ok=1
Cmd: preprocess
  insize=811 outsize=209 ok=1
Cmd: preprocess
  insize=811 outsize=209 ok=1
Cmd: preprocess
  insize=811 outsize=209 ok=1
Cmd: preprocess
  insize=811 outsize=209 ok=1
Cmd: preprocess
  insize=811 outsize=209 ok=1
Cmd: preprocess
  insize=811 outsize=209 ok=1
Cmd: preprocess
  insize=811 outsize=209 ok=1
Cmd: preprocess
  insize=811 outsize=209 ok=1
Cmd: preprocess
  insize=811 outsize=209 ok=1
Cmd: preprocess
  insize=811 outsize=209 ok=1
Cmd: preprocess
  insize=811 outsize=209 ok=1
Cmd: preprocess
  insize=811 outsize=209 ok=1
Cmd: preprocess
  insize=811 outsize=209 ok=1
Cmd: preprocess
  insize=811 outsize=209 ok=1
Cmd: preprocess
  insize=811 outsize=209 ok=1
Cmd: preprocess
  insize=811 outsize=209 ok=1
Cmd: preprocess
  insize=811 outsize=209 ok=1
Cmd: preprocess
  insize=811 outsize=209 ok=1
Cmd: preprocess
  insize=811 outsize=209 ok=1
Cmd: preprocess
  insize=811 outsize=209 ok=1
Cmd: preprocess
  insize=811 outsize=209 ok=1
Cmd: preprocess
  insize=811 outsize=209 ok=1
Cmd: preprocess
  insize=811 outsize=209 ok=1
Cmd: preprocess
  insize=811 outsize=209 ok=1
Cmd: preprocess
  insize=811 outsize=209 ok=1
Cmd: preprocess
  insize=811 outsize=209 ok=1
Cmd: preprocess
  insize=811 outsize=209 ok=1
Cmd: preprocess
  insize=811 outsize=209 ok=1
Cmd: preprocess
  insize=811 outsize=209 ok=1
Cmd: preprocess
  insize=811 outsize=209 ok=1
Cmd: preprocess
  insize=811 outsize=209 ok=1
Cmd: preprocess
  insize=811 outsize=209 ok=1
Cmd: preprocess
  insize=811 outsize=209 ok=1
Cmd: preprocess
  insize=811 outsize=209 ok=1
Cmd: preprocess
  insize=811 outsize=209 ok=1
Cmd: preprocess
  insize=811 outsize=209 ok=1
Cmd: preprocess
  insize=811 outsize=209 ok=1
Cmd: preprocess
  insize=811 outsize=209 ok=1
Cmd: preprocess
  insize=811 outsize=209 ok=1
Cmd: preprocess
  insize=811 outsize=209 ok=1
Cmd: preprocess
  insize=811 outsize=209 ok=1
Cmd: preprocess
  insize=811 outsize=209 ok=1
Cmd: preprocess
  insize=811 outsize=209 ok=1
Cmd: preprocess
  insize=811 outsize=209 ok=1
Cmd: preprocess
  insize=811 outsize=209 ok=1
Cmd: preprocess
  insize=811 outsize=209 ok=1
Cmd: preprocess
  insize=811 outsize=209 ok=1
Cmd: preprocess
  insize=811 outsize=209 ok=1
Cmd: preprocess
  insize=811 outsize=209 ok=1
Cmd: preprocess
  insize=811 outsize=209 ok=1
Cmd: preprocess
  insize=811 outsize=209 ok=1
Cmd: preprocess
  insize=811 outsize=209 ok=1
Cmd: preprocess
  insize=811 outsize=209 ok=1
Cmd: preprocess
  insize=811 outsize=209 ok=1
Cmd: preprocess
  insize=811 outsize=209 ok=1
Cmd: preprocess
  insize=811 outsize=209 ok=1
Cmd: preprocess
  insize=811 outsize=209 ok=1
Cmd: preprocess
  insize=811 outsize=209 ok=1
Cmd: preprocess
  insize=4750 outsize=1338 ok=1
Cmd: preprocess
  insize=6015 outsize=1343 ok=1
Cmd: preprocess
  insize=5590 outsize=1343 ok=1
Cmd: preprocess
  insize=22219 outsize=1344 ok=1
Cmd: preprocess
  insize=8791 outsize=1351 ok=1
Cmd: preprocess
  insize=4750 outsize=1338 ok=1
Cmd: preprocess
  insize=5590 outsize=1343 ok=1
Cmd: preprocess
  insize=6011 outsize=1342 ok=1
Cmd: preprocess
  insize=4750 outsize=1338 ok=1
Cmd: preprocess
  insize=5590 outsize=1343 ok=1
Cmd: preprocess
  insize=6015 outsize=1343 ok=1
Cmd: preprocess
  insize=4750 outsize=1338 ok=1
Cmd: preprocess
  insize=4750 outsize=1337 ok=1
Cmd: preprocess
  insize=9057 outsize=1345 ok=1
Cmd: preprocess
  insize=7965 outsize=1352 ok=1
Cmd: preprocess
  insize=5653 outsize=1344 ok=1
Cmd: preprocess
  insize=5653 outsize=1343 ok=1
Cmd: preprocess
  insize=4750 outsize=1338 ok=1
Cmd: preprocess
  insize=13446 outsize=1352 ok=1
Cmd: preprocess
  insize=8527 outsize=1351 ok=1
Cmd: preprocess
  insize=17919 outsize=1342 ok=1
Cmd: preprocess
  insize=16955 outsize=1345 ok=1
Cmd: preprocess
  insize=17120 outsize=1342 ok=1
Cmd: preprocess
  insize=13633 outsize=1345 ok=1
Cmd: preprocess
  insize=6215 outsize=1344 ok=1
Cmd: preprocess
  insize=8906 outsize=1351 ok=1
Cmd: preprocess
  insize=5552 outsize=1345 ok=1
Cmd: preprocess
  insize=6398 outsize=1344 ok=1
Cmd: preprocess
  insize=11984 outsize=1351 ok=1
Cmd: preprocess
  insize=8419 outsize=1342 ok=1
Cmd: preprocess
  insize=5209 outsize=1344 ok=1
Cmd: preprocess
  insize=12546 outsize=1352 ok=1
Cmd: preprocess
  insize=12884 outsize=1352 ok=1
Cmd: preprocess
  insize=16955 outsize=1345 ok=1
Cmd: preprocess
  insize=7557 outsize=1351 ok=1
Cmd: preprocess
  insize=11304 outsize=1344 ok=1
Cmd: preprocess
  insize=10773 outsize=1340 ok=1
Cmd: preprocess
  insize=10773 outsize=1340 ok=1
Cmd: preprocess
  insize=7557 outsize=1349 ok=1
Cmd: preprocess
  insize=11915 outsize=1345 ok=1
Cmd: preprocess
  insize=9216 outsize=1345 ok=1
Cmd: preprocess
  insize=15843 outsize=1342 ok=1
Cmd: preprocess
  insize=5735 outsize=1345 ok=1
Cmd: preprocess
  insize=4750 outsize=1337 ok=1
Cmd: preprocess
  insize=16489 outsize=1345 ok=1
Cmd: preprocess
  insize=4750 outsize=1337 ok=1
Cmd: preprocess
  insize=16160 outsize=1341 ok=1
Cmd: preprocess
  insize=16271 outsize=1345 ok=1
Cmd: preprocess
  insize=8344 outsize=1351 ok=1
Cmd: preprocess
  insize=5333 outsize=1344 ok=1
Cmd: preprocess
  insize=22532 outsize=1341 ok=1
Cmd: preprocess
  insize=96773 outsize=2762 ok=1
Cmd: preprocess
  insize=18132 outsize=1342 ok=1
Cmd: preprocess
  insize=7557 outsize=1351 ok=1
Cmd: preprocess
  insize=18736 outsize=1343 ok=1
Cmd: preprocess
  insize=10221 outsize=1345 ok=1
Cmd: preprocess
  insize=22881 outsize=1341 ok=1
Cmd: preprocess
  insize=16160 outsize=1341 ok=1
Cmd: preprocess
  insize=16489 outsize=1345 ok=1
Cmd: preprocess
  insize=4750 outsize=1338 ok=1
Cmd: preprocess
  insize=5617 outsize=1344 ok=1
Cmd: preprocess
  insize=7328 outsize=1352 ok=1
Cmd: preprocess
  insize=7329 outsize=1340 ok=1
Cmd: preprocess
  insize=4750 outsize=1338 ok=1
Cmd: preprocess
  insize=5617 outsize=1344 ok=1
Cmd: preprocess
  insize=811 outsize=209 ok=1
Cmd: preprocess
  insize=811 outsize=209 ok=1
Cmd: preprocess
  insize=811 outsize=209 ok=1
Cmd: preprocess
  insize=811 outsize=209 ok=1
Cmd: preprocess
  insize=811 outsize=209 ok=1
Cmd: preprocess
  insize=811 outsize=209 ok=1
Cmd: preprocess
  insize=811 outsize=209 ok=1
Cmd: preprocess
  insize=811 outsize=209 ok=1
Cmd: preprocess
  insize=811 outsize=209 ok=1
Cmd: preprocess
  insize=811 outsize=209 ok=1
Cmd: preprocess
  insize=811 outsize=209 ok=1
Cmd: preprocess
  insize=811 outsize=209 ok=1
Cmd: preprocess
  insize=811 outsize=209 ok=1
Cmd: preprocess
  insize=811 outsize=209 ok=1
Cmd: preprocess
  insize=811 outsize=209 ok=1
Cmd: preprocess
  insize=811 outsize=209 ok=1
Cmd: preprocess
  insize=811 outsize=209 ok=1
Cmd: preprocess
  insize=811 outsize=209 ok=1
Cmd: preprocess
  insize=811 outsize=209 ok=1
Cmd: preprocess
  insize=811 outsize=209 ok=1
Cmd: preprocess
  insize=811 outsize=209 ok=1
Cmd: preprocess
  insize=811 outsize=209 ok=1
Cmd: preprocess
  insize=811 outsize=209 ok=1
Cmd: preprocess
  insize=811 outsize=209 ok=1
Cmd: preprocess
  insize=811 outsize=209 ok=1
Cmd: preprocess
  insize=811 outsize=209 ok=1
Cmd: preprocess
  insize=811 outsize=209 ok=1
Cmd: preprocess
  insize=811 outsize=209 ok=1
Cmd: preprocess
  insize=811 outsize=209 ok=1
Cmd: preprocess
  insize=811 outsize=209 ok=1
Cmd: preprocess
  insize=811 outsize=209 ok=1
Cmd: preprocess
  insize=811 outsize=209 ok=1
Cmd: preprocess
  insize=811 outsize=209 ok=1
Cmd: preprocess
  insize=811 outsize=209 ok=1
Cmd: preprocess
  insize=811 outsize=209 ok=1
Cmd: preprocess
  insize=811 outsize=209 ok=1
Cmd: preprocess
  insize=811 outsize=209 ok=1
Cmd: preprocess
  insize=811 outsize=209 ok=1
Cmd: preprocess
  insize=811 outsize=209 ok=1
Cmd: preprocess
  insize=811 outsize=209 ok=1
Cmd: preprocess
  insize=811 outsize=209 ok=1
Cmd: preprocess
  insize=811 outsize=209 ok=1
Cmd: preprocess
  insize=811 outsize=209 ok=1
Cmd: preprocess
  insize=811 outsize=209 ok=1
Cmd: preprocess
  insize=811 outsize=209 ok=1
Cmd: preprocess
  insize=811 outsize=209 ok=1
Cmd: preprocess
  insize=811 outsize=209 ok=1
Cmd: preprocess
  insize=811 outsize=209 ok=1
Cmd: preprocess
  insize=811 outsize=209 ok=1
Cmd: preprocess
  insize=811 outsize=209 ok=1
Cmd: preprocess
  insize=811 outsize=209 ok=1
Cmd: preprocess
  insize=811 outsize=209 ok=1
Cmd: preprocess
  insize=811 outsize=209 ok=1
Cmd: preprocess
  insize=811 outsize=209 ok=1
Cmd: preprocess
  insize=811 outsize=209 ok=1
Cmd: preprocess
  insize=811 outsize=209 ok=1
Cmd: preprocess
  insize=811 outsize=209 ok=1
Cmd: preprocess
  insize=811 outsize=209 ok=1
Cmd: preprocess
  insize=811 outsize=209 ok=1
Cmd: preprocess
  insize=811 outsize=209 ok=1
Cmd: preprocess
  insize=811 outsize=209 ok=1
Cmd: preprocess
  insize=811 outsize=209 ok=1
Cmd: preprocess
  insize=811 outsize=209 ok=1
Cmd: preprocess
  insize=811 outsize=209 ok=1
Cmd: preprocess
  insize=811 outsize=209 ok=1
Cmd: preprocess
  insize=811 outsize=209 ok=1
Cmd: preprocess
  insize=811 outsize=209 ok=1
Cmd: preprocess
  insize=811 outsize=209 ok=1
Cmd: preprocess
  insize=811 outsize=209 ok=1
Cmd: preprocess
  insize=811 outsize=209 ok=1
Cmd: preprocess
  insize=811 outsize=209 ok=1
Cmd: preprocess
  insize=811 outsize=209 ok=1
Cmd: preprocess
  insize=811 outsize=209 ok=1
Cmd: preprocess
  insize=811 outsize=209 ok=1
Cmd: preprocess
  insize=811 outsize=209 ok=1
Cmd: preprocess
  insize=811 outsize=209 ok=1
Cmd: preprocess
  insize=811 outsize=209 ok=1
Cmd: preprocess
  insize=811 outsize=209 ok=1
Cmd: preprocess
  insize=811 outsize=209 ok=1
Cmd: preprocess
  insize=811 outsize=209 ok=1
Cmd: preprocess
  insize=811 outsize=209 ok=1
Cmd: preprocess
  insize=811 outsize=209 ok=1
Cmd: preprocess
  insize=811 outsize=209 ok=1
Cmd: preprocess
  insize=811 outsize=209 ok=1
Cmd: preprocess
  insize=811 outsize=209 ok=1
Cmd: preprocess
  insize=811 outsize=209 ok=1
Cmd: preprocess
  insize=811 outsize=209 ok=1
Cmd: preprocess
  insize=811 outsize=209 ok=1
Cmd: preprocess
  insize=811 outsize=209 ok=1
Cmd: preprocess
  insize=811 outsize=209 ok=1
Cmd: preprocess
  insize=811 outsize=209 ok=1
Cmd: preprocess
  insize=811 outsize=209 ok=1
Cmd: preprocess
  insize=811 outsize=209 ok=1
Cmd: preprocess
  insize=811 outsize=209 ok=1
Cmd: preprocess
  insize=811 outsize=209 ok=1
Cmd: preprocess
  insize=811 outsize=209 ok=1
Cmd: preprocess
  insize=811 outsize=209 ok=1
Cmd: preprocess
  insize=811 outsize=209 ok=1
Cmd: preprocess
  insize=811 outsize=209 ok=1
Cmd: preprocess
  insize=811 outsize=209 ok=1
Cmd: preprocess
  insize=811 outsize=209 ok=1
Cmd: preprocess
  insize=811 outsize=209 ok=1
Cmd: preprocess
  insize=811 outsize=209 ok=1
Cmd: preprocess
  insize=811 outsize=209 ok=1
Cmd: preprocess
  insize=811 outsize=209 ok=1
Cmd: preprocess
  insize=811 outsize=209 ok=1
Cmd: preprocess
  insize=4750 outsize=1338 ok=1
Cmd: preprocess
  insize=6015 outsize=1343 ok=1
Cmd: preprocess
  insize=5590 outsize=1343 ok=1
Cmd: preprocess
  insize=22219 outsize=1344 ok=1
Cmd: preprocess
  insize=8791 outsize=1351 ok=1
Cmd: preprocess
  insize=4750 outsize=1338 ok=1
Cmd: preprocess
  insize=5590 outsize=1343 ok=1
Cmd: preprocess
  insize=6011 outsize=1342 ok=1
Cmd: preprocess
  insize=4750 outsize=1338 ok=1
Cmd: preprocess
  insize=5590 outsize=1343 ok=1
Cmd: preprocess
  insize=6015 outsize=1343 ok=1
Cmd: preprocess
  insize=4750 outsize=1338 ok=1
Cmd: preprocess
  insize=4750 outsize=1337 ok=1
Cmd: preprocess
  insize=9057 outsize=1345 ok=1
Cmd: preprocess
  insize=7965 outsize=1352 ok=1
Cmd: preprocess
  insize=5653 outsize=1344 ok=1
Cmd: preprocess
  insize=5653 outsize=1343 ok=1
Cmd: preprocess
  insize=4750 outsize=1338 ok=1
Cmd: preprocess
  insize=13446 outsize=1352 ok=1
Cmd: preprocess
  insize=8527 outsize=1351 ok=1
Cmd: preprocess
  insize=17919 outsize=1342 ok=1
Cmd: preprocess
  insize=16955 outsize=1345 ok=1
Cmd: preprocess
  insize=17120 outsize=1342 ok=1
Cmd: preprocess
  insize=13633 outsize=1345 ok=1
Cmd: preprocess
  insize=6215 outsize=1344 ok=1
Cmd: preprocess
  insize=8906 outsize=1351 ok=1
Cmd: preprocess
  insize=5552 outsize=1345 ok=1
Cmd: preprocess
  insize=6398 outsize=1344 ok=1
Cmd: preprocess
  insize=11984 outsize=1351 ok=1
Cmd: preprocess
  insize=8419 outsize=1342 ok=1
Cmd: preprocess
  insize=5209 outsize=1344 ok=1
Cmd: preprocess
  insize=12546 outsize=1352 ok=1
Cmd: preprocess
  insize=12884 outsize=1352 ok=1
Cmd: preprocess
  insize=16955 outsize=1345 ok=1
Cmd: preprocess
  insize=7557 outsize=1351 ok=1
Cmd: preprocess
  insize=11304 outsize=1344 ok=1
Cmd: preprocess
  insize=10773 outsize=1340 ok=1
Cmd: preprocess
  insize=10773 outsize=1340 ok=1
Cmd: preprocess
  insize=7557 outsize=1349 ok=1
Cmd: preprocess
  insize=11915 outsize=1345 ok=1
Cmd: preprocess
  insize=9216 outsize=1345 ok=1
Cmd: preprocess
  insize=15843 outsize=1342 ok=1
Cmd: preprocess
  insize=5735 outsize=1345 ok=1
Cmd: preprocess
  insize=4750 outsize=1337 ok=1
Cmd: preprocess
  insize=16489 outsize=1345 ok=1
Cmd: preprocess
  insize=4750 outsize=1337 ok=1
Cmd: preprocess
  insize=16160 outsize=1341 ok=1
Cmd: preprocess
  insize=16271 outsize=1345 ok=1
Cmd: preprocess
  insize=8344 outsize=1351 ok=1
Cmd: preprocess
  insize=5333 outsize=1344 ok=1
Cmd: preprocess
  insize=22532 outsize=1341 ok=1
Cmd: preprocess
  insize=96773 outsize=2762 ok=1
Cmd: preprocess
  insize=18132 outsize=1342 ok=1
Cmd: preprocess
  insize=7557 outsize=1351 ok=1
Cmd: preprocess
  insize=18736 outsize=1343 ok=1
Cmd: preprocess
  insize=10221 outsize=1345 ok=1
Cmd: preprocess
  insize=22881 outsize=1341 ok=1
Cmd: preprocess
  insize=16160 outsize=1341 ok=1
Cmd: preprocess
  insize=16489 outsize=1345 ok=1
Cmd: preprocess
  insize=4750 outsize=1338 ok=1
Cmd: preprocess
  insize=5617 outsize=1344 ok=1
Cmd: preprocess
  insize=7328 outsize=1352 ok=1
Cmd: preprocess
  insize=7329 outsize=1340 ok=1
Cmd: preprocess
  insize=4750 outsize=1338 ok=1
Cmd: preprocess
  insize=5617 outsize=1344 ok=1
Cmd: preprocess
  insize=9216 outsize=1345 ok=1
Cmd: preprocess
  insize=10773 outsize=1340 ok=1
Cmd: preprocess
  insize=10773 outsize=1340 ok=1
Cmd: preprocess
  insize=11304 outsize=1344 ok=1
Cmd: preprocess
  insize=11984 outsize=1351 ok=1
Cmd: preprocess
  insize=12884 outsize=1352 ok=1
Cmd: preprocess
  insize=13446 outsize=1352 ok=1
Cmd: preprocess
  insize=13633 outsize=1345 ok=1
Cmd: preprocess
  insize=17120 outsize=1342 ok=1
Cmd: preprocess
  insize=18736 outsize=1343 ok=1
Cmd: preprocess
  insize=22219 outsize=1344 ok=1
Cmd: preprocess
  insize=22532 outsize=1341 ok=1
Cmd: preprocess
  insize=22881 outsize=1341 ok=1
Cmd: preprocess
  insize=96773 outsize=2762 ok=1
Cmd: preprocess
  insize=12546 outsize=1352 ok=1
Cmd: preprocess
  insize=15843 outsize=1342 ok=1
Cmd: preprocess
  insize=16160 outsize=1341 ok=1
Cmd: preprocess
  insize=16271 outsize=1345 ok=1
Cmd: preprocess
  insize=16160 outsize=1341 ok=1
Cmd: preprocess
  insize=16955 outsize=1345 ok=1
Cmd: preprocess
  insize=17919 outsize=1342 ok=1
Cmd: preprocess
  insize=18132 outsize=1342 ok=1
Cmd: preprocess
  insize=16489 outsize=1345 ok=1
Cmd: preprocess
  insize=16489 outsize=1345 ok=1
Cmd: preprocess
  insize=16955 outsize=1345 ok=1
Cmd: preprocess
  insize=8344 outsize=1351 ok=1
Cmd: preprocess
  insize=7328 outsize=1352 ok=1
Cmd: preprocess
  insize=8906 outsize=1351 ok=1
Cmd: preprocess
  insize=5590 outsize=1343 ok=1
Cmd: preprocess
  insize=6015 outsize=1343 ok=1
Cmd: preprocess
  insize=7965 outsize=1352 ok=1
Cmd: preprocess
  insize=8527 outsize=1351 ok=1
Cmd: preprocess
  insize=9057 outsize=1345 ok=1
Cmd: preprocess
  insize=6015 outsize=1343 ok=1
Cmd: preprocess
  insize=8791 outsize=1351 ok=1
Cmd: preprocess
  insize=6011 outsize=1342 ok=1
Cmd: preprocess
  insize=5590 outsize=1343 ok=1
Cmd: preprocess
  insize=5590 outsize=1343 ok=1

Quitting shader compiler process
